<?xml version="1.0" encoding="UTF-8"?>
<!-- Generated by org.testng.reporters.JUnitReportReporter -->
<testsuite hostname="DESKTOP-NAQEBV7" failures="0" tests="1" name="com.oodo.ap.testLayer.ProductTestCase" time="35.342" errors="0" timestamp="2024-03-03T10:45:15 IST" skipped="0">
  <testcase classname="com.oodo.ap.testLayer.ProductTestCase" name="buyProduct" time="35.342"/>
  <system-out/>
</testsuite> <!-- com.oodo.ap.testLayer.ProductTestCase -->
