<?xml version="1.0" encoding="UTF-8"?>
<!-- Generated by org.testng.reporters.JUnitReportReporter -->
<testsuite hostname="DESKTOP-NAQEBV7" failures="0" tests="1" name="com.oodo.ap.testLayer.NewClass1" time="15.907" errors="0" timestamp="2024-03-06T16:19:11 IST" skipped="0">
  <testcase classname="com.oodo.ap.testLayer.NewClass1" name="singup" time="15.907"/>
  <system-out/>
</testsuite> <!-- com.oodo.ap.testLayer.NewClass1 -->
